<?xml version="1.0" encoding="UTF-8"?>
<testsuite name="org.example.AppTest" tests="1" skipped="0" failures="0" errors="0" timestamp="2025-06-25T16:19:17.087Z" hostname="YY348797" time="0.031">
  <properties/>
  <testcase name="appHasAGreeting()" classname="org.example.AppTest" time="0.031"/>
  <system-out><![CDATA[]]></system-out>
  <system-err><![CDATA[]]></system-err>
</testsuite>
